<?xml version="1.0" encoding="UTF-8"?>
<testng-results ignored="0" total="1" passed="1" failed="0" skipped="0">
  <reporter-output>
    <line>
      <![CDATA[reading value ofurlfrom property file]]>
    </line>
    <line>
      <![CDATA[Lauching browser]]>
    </line>
    <line>
      <![CDATA[waiting for1000mills]]>
    </line>
    <line>
      <![CDATA[waiting for1000mills]]>
    </line>
    <line>
      <![CDATA[reading value oftextfrom property file]]>
    </line>
    <line>
      <![CDATA[waiting for1000mills]]>
    </line>
    <line>
      <![CDATA[closing browser]]>
    </line>
  </reporter-output>
  <suite started-at="2022-12-16T23:27:25 IST" name="Default suite" finished-at="2022-12-16T23:27:47 IST" duration-ms="21378">
    <groups>
    </groups>
    <test started-at="2022-12-16T23:27:25 IST" name="Default test" finished-at="2022-12-16T23:27:47 IST" duration-ms="21378">
      <class name="vctcTest.ValidateTextName">
        <test-method is-config="true" signature="launchingBrowser()[pri:0, instance:vctcTest.ValidateTextName@3b0fe47a]" started-at="2022-12-16T23:27:25 IST" name="launchingBrowser" finished-at="2022-12-16T23:27:44 IST" duration-ms="18316" status="PASS">
          <reporter-output>
            <line>
              <![CDATA[reading value ofurlfrom property file]]>
            </line>
            <line>
              <![CDATA[Lauching browser]]>
            </line>
            <line>
              <![CDATA[waiting for1000mills]]>
            </line>
          </reporter-output>
        </test-method> <!-- launchingBrowser -->
        <test-method is-config="true" signature="homePage()[pri:0, instance:vctcTest.ValidateTextName@3b0fe47a]" started-at="2022-12-16T23:27:44 IST" name="homePage" finished-at="2022-12-16T23:27:44 IST" duration-ms="1" status="PASS">
          <reporter-output>
          </reporter-output>
        </test-method> <!-- homePage -->
        <test-method signature="validateTextName()[pri:0, instance:vctcTest.ValidateTextName@3b0fe47a]" started-at="2022-12-16T23:27:44 IST" name="validateTextName" finished-at="2022-12-16T23:27:45 IST" duration-ms="628" status="PASS">
          <reporter-output>
            <line>
              <![CDATA[waiting for1000mills]]>
            </line>
            <line>
              <![CDATA[reading value oftextfrom property file]]>
            </line>
          </reporter-output>
        </test-method> <!-- validateTextName -->
        <test-method is-config="true" signature="afterMethod()[pri:0, instance:vctcTest.ValidateTextName@3b0fe47a]" started-at="2022-12-16T23:27:45 IST" name="afterMethod" finished-at="2022-12-16T23:27:45 IST" duration-ms="0" status="PASS">
          <reporter-output>
          </reporter-output>
        </test-method> <!-- afterMethod -->
        <test-method is-config="true" signature="afterClass()[pri:0, instance:vctcTest.ValidateTextName@3b0fe47a]" started-at="2022-12-16T23:27:45 IST" name="afterClass" finished-at="2022-12-16T23:27:47 IST" duration-ms="2050" status="PASS">
          <reporter-output>
            <line>
              <![CDATA[waiting for1000mills]]>
            </line>
            <line>
              <![CDATA[closing browser]]>
            </line>
          </reporter-output>
        </test-method> <!-- afterClass -->
      </class> <!-- vctcTest.ValidateTextName -->
    </test> <!-- Default test -->
  </suite> <!-- Default suite -->
</testng-results>
